<?xml version="1.0" encoding="UTF-8"?>
<!-- Generated by org.testng.reporters.JUnitXMLReporter -->
<testsuite ignored="0" hostname="LAPTOP-MI7VST9D" failures="0" tests="7" name="Default test" time="33.047" errors="0" timestamp="2022-02-02T12:30:00 IST">
  <testcase classname="Test1.TesNGClass" name="toVerifyUserTab" time="1.693"/>
  <testcase classname="Test1.TesNGClass" name="testB" time="0.001"/>
  <testcase classname="Test1.TesNGClass" name="testB" time="0.002"/>
  <testcase classname="Test1.TesNGClass" name="testB" time="0.003"/>
  <testcase classname="Test1.TesNGClass" name="testA" time="0.003"/>
  <testcase classname="Test1.TesNGClass" name="testC" time="0.003"/>
  <testcase classname="Test1.TesNGClass" name="testD" time="0.003"/>
</testsuite> <!-- Default test -->
