<?xml version="1.0" encoding="UTF-8"?>
<testng-results ignored="0" total="14" passed="14" failed="0" skipped="0">
  <reporter-output>
  </reporter-output>
  <suite started-at="2022-02-03T13:15:05 IST" name="Suite" finished-at="2022-02-03T13:16:30 IST" duration-ms="84781">
    <groups>
    </groups>
    <test started-at="2022-02-03T13:15:05 IST" name="ChromeTest" finished-at="2022-02-03T13:15:49 IST" duration-ms="43701">
      <class name="Test1.TesNGClass">
        <test-method is-config="true" signature="launchBrowser(java.lang.String)[pri:0, instance:Test1.TesNGClass@17497425]" started-at="2022-02-03T13:15:05 IST" name="launchBrowser" finished-at="2022-02-03T13:15:09 IST" duration-ms="3871" status="PASS">
          <params>
            <param index="0">
              <value>
                <![CDATA[chrome]]>
              </value>
            </param>
          </params>
          <reporter-output>
          </reporter-output>
        </test-method> <!-- launchBrowser -->
        <test-method is-config="true" signature="initializePomClasses()[pri:0, instance:Test1.TesNGClass@17497425]" started-at="2022-02-03T13:15:09 IST" name="initializePomClasses" finished-at="2022-02-03T13:15:09 IST" duration-ms="141" status="PASS">
          <reporter-output>
          </reporter-output>
        </test-method> <!-- initializePomClasses -->
        <test-method is-config="true" signature="loginActiTime()[pri:0, instance:Test1.TesNGClass@17497425]" started-at="2022-02-03T13:15:09 IST" name="loginActiTime" finished-at="2022-02-03T13:15:15 IST" duration-ms="5893" status="PASS">
          <reporter-output>
          </reporter-output>
        </test-method> <!-- loginActiTime -->
        <test-method signature="toVerifyUserTab()[pri:0, instance:Test1.TesNGClass@17497425]" started-at="2022-02-03T13:15:15 IST" name="toVerifyUserTab" finished-at="2022-02-03T13:15:22 IST" duration-ms="7072" status="PASS">
          <reporter-output>
          </reporter-output>
        </test-method> <!-- toVerifyUserTab -->
        <test-method is-config="true" signature="logoutfromActitime()[pri:0, instance:Test1.TesNGClass@17497425]" started-at="2022-02-03T13:15:22 IST" name="logoutfromActitime" finished-at="2022-02-03T13:15:26 IST" duration-ms="3133" status="PASS">
          <reporter-output>
          </reporter-output>
        </test-method> <!-- logoutfromActitime -->
        <test-method is-config="true" signature="loginActiTime()[pri:0, instance:Test1.TesNGClass@17497425]" started-at="2022-02-03T13:15:26 IST" name="loginActiTime" finished-at="2022-02-03T13:15:26 IST" duration-ms="390" status="PASS">
          <reporter-output>
          </reporter-output>
        </test-method> <!-- loginActiTime -->
        <test-method signature="testB()[pri:1, instance:Test1.TesNGClass@17497425]" started-at="2022-02-03T13:15:26 IST" name="testB" finished-at="2022-02-03T13:15:26 IST" duration-ms="3" status="PASS">
          <reporter-output>
          </reporter-output>
        </test-method> <!-- testB -->
        <test-method is-config="true" signature="logoutfromActitime()[pri:0, instance:Test1.TesNGClass@17497425]" started-at="2022-02-03T13:15:26 IST" name="logoutfromActitime" finished-at="2022-02-03T13:15:29 IST" duration-ms="3105" status="PASS">
          <reporter-output>
          </reporter-output>
        </test-method> <!-- logoutfromActitime -->
        <test-method is-config="true" signature="loginActiTime()[pri:0, instance:Test1.TesNGClass@17497425]" started-at="2022-02-03T13:15:29 IST" name="loginActiTime" finished-at="2022-02-03T13:15:29 IST" duration-ms="332" status="PASS">
          <reporter-output>
          </reporter-output>
        </test-method> <!-- loginActiTime -->
        <test-method signature="testB()[pri:1, instance:Test1.TesNGClass@17497425]" started-at="2022-02-03T13:15:29 IST" name="testB" finished-at="2022-02-03T13:15:29 IST" duration-ms="1" status="PASS">
          <reporter-output>
          </reporter-output>
        </test-method> <!-- testB -->
        <test-method is-config="true" signature="logoutfromActitime()[pri:0, instance:Test1.TesNGClass@17497425]" started-at="2022-02-03T13:15:29 IST" name="logoutfromActitime" finished-at="2022-02-03T13:15:34 IST" duration-ms="4493" status="PASS">
          <reporter-output>
          </reporter-output>
        </test-method> <!-- logoutfromActitime -->
        <test-method is-config="true" signature="loginActiTime()[pri:0, instance:Test1.TesNGClass@17497425]" started-at="2022-02-03T13:15:34 IST" name="loginActiTime" finished-at="2022-02-03T13:15:34 IST" duration-ms="278" status="PASS">
          <reporter-output>
          </reporter-output>
        </test-method> <!-- loginActiTime -->
        <test-method signature="testB()[pri:1, instance:Test1.TesNGClass@17497425]" started-at="2022-02-03T13:15:34 IST" name="testB" finished-at="2022-02-03T13:15:34 IST" duration-ms="1" status="PASS">
          <reporter-output>
          </reporter-output>
        </test-method> <!-- testB -->
        <test-method is-config="true" signature="logoutfromActitime()[pri:0, instance:Test1.TesNGClass@17497425]" started-at="2022-02-03T13:15:34 IST" name="logoutfromActitime" finished-at="2022-02-03T13:15:37 IST" duration-ms="3159" status="PASS">
          <reporter-output>
          </reporter-output>
        </test-method> <!-- logoutfromActitime -->
        <test-method is-config="true" signature="loginActiTime()[pri:0, instance:Test1.TesNGClass@17497425]" started-at="2022-02-03T13:15:37 IST" name="loginActiTime" finished-at="2022-02-03T13:15:38 IST" duration-ms="269" status="PASS">
          <reporter-output>
          </reporter-output>
        </test-method> <!-- loginActiTime -->
        <test-method signature="testA()[pri:2, instance:Test1.TesNGClass@17497425]" started-at="2022-02-03T13:15:38 IST" name="testA" finished-at="2022-02-03T13:15:38 IST" duration-ms="1" status="PASS">
          <reporter-output>
          </reporter-output>
        </test-method> <!-- testA -->
        <test-method is-config="true" signature="logoutfromActitime()[pri:0, instance:Test1.TesNGClass@17497425]" started-at="2022-02-03T13:15:38 IST" name="logoutfromActitime" finished-at="2022-02-03T13:15:41 IST" duration-ms="3129" status="PASS">
          <reporter-output>
          </reporter-output>
        </test-method> <!-- logoutfromActitime -->
        <test-method is-config="true" signature="loginActiTime()[pri:0, instance:Test1.TesNGClass@17497425]" started-at="2022-02-03T13:15:41 IST" name="loginActiTime" finished-at="2022-02-03T13:15:41 IST" duration-ms="552" status="PASS">
          <reporter-output>
          </reporter-output>
        </test-method> <!-- loginActiTime -->
        <test-method signature="testC()[pri:3, instance:Test1.TesNGClass@17497425]" started-at="2022-02-03T13:15:41 IST" name="testC" finished-at="2022-02-03T13:15:41 IST" depends-on-methods="Test1.TesNGClass.toVerifyUserTab" duration-ms="1" status="PASS">
          <reporter-output>
          </reporter-output>
        </test-method> <!-- testC -->
        <test-method is-config="true" signature="logoutfromActitime()[pri:0, instance:Test1.TesNGClass@17497425]" started-at="2022-02-03T13:15:41 IST" name="logoutfromActitime" finished-at="2022-02-03T13:15:45 IST" duration-ms="3527" status="PASS">
          <reporter-output>
          </reporter-output>
        </test-method> <!-- logoutfromActitime -->
        <test-method is-config="true" signature="loginActiTime()[pri:0, instance:Test1.TesNGClass@17497425]" started-at="2022-02-03T13:15:45 IST" name="loginActiTime" finished-at="2022-02-03T13:15:45 IST" duration-ms="290" status="PASS">
          <reporter-output>
          </reporter-output>
        </test-method> <!-- loginActiTime -->
        <test-method signature="testD()[pri:4, instance:Test1.TesNGClass@17497425]" started-at="2022-02-03T13:15:45 IST" name="testD" finished-at="2022-02-03T13:15:45 IST" duration-ms="1" status="PASS">
          <reporter-output>
          </reporter-output>
        </test-method> <!-- testD -->
        <test-method is-config="true" signature="logoutfromActitime()[pri:0, instance:Test1.TesNGClass@17497425]" started-at="2022-02-03T13:15:45 IST" name="logoutfromActitime" finished-at="2022-02-03T13:15:48 IST" duration-ms="3105" status="PASS">
          <reporter-output>
          </reporter-output>
        </test-method> <!-- logoutfromActitime -->
        <test-method is-config="true" signature="closetheobjexts()[pri:0, instance:Test1.TesNGClass@17497425]" started-at="2022-02-03T13:15:48 IST" name="closetheobjexts" finished-at="2022-02-03T13:15:48 IST" duration-ms="17" status="PASS">
          <reporter-output>
          </reporter-output>
        </test-method> <!-- closetheobjexts -->
        <test-method is-config="true" signature="closeBrowser()[pri:0, instance:Test1.TesNGClass@17497425]" started-at="2022-02-03T13:15:48 IST" name="closeBrowser" finished-at="2022-02-03T13:15:49 IST" duration-ms="888" status="PASS">
          <reporter-output>
          </reporter-output>
        </test-method> <!-- closeBrowser -->
      </class> <!-- Test1.TesNGClass -->
    </test> <!-- ChromeTest -->
    <test started-at="2022-02-03T13:15:05 IST" name="FirefoxTest" finished-at="2022-02-03T13:16:30 IST" duration-ms="84781">
      <class name="Test1.TesNGClass">
        <test-method is-config="true" signature="launchBrowser(java.lang.String)[pri:0, instance:Test1.TesNGClass@a38c7fe]" started-at="2022-02-03T13:15:05 IST" name="launchBrowser" finished-at="2022-02-03T13:15:41 IST" duration-ms="35689" status="PASS">
          <params>
            <param index="0">
              <value>
                <![CDATA[firefox]]>
              </value>
            </param>
          </params>
          <reporter-output>
          </reporter-output>
        </test-method> <!-- launchBrowser -->
        <test-method is-config="true" signature="initializePomClasses()[pri:0, instance:Test1.TesNGClass@a38c7fe]" started-at="2022-02-03T13:15:41 IST" name="initializePomClasses" finished-at="2022-02-03T13:15:41 IST" duration-ms="1" status="PASS">
          <reporter-output>
          </reporter-output>
        </test-method> <!-- initializePomClasses -->
        <test-method is-config="true" signature="loginActiTime()[pri:0, instance:Test1.TesNGClass@a38c7fe]" started-at="2022-02-03T13:15:41 IST" name="loginActiTime" finished-at="2022-02-03T13:15:48 IST" duration-ms="7114" status="PASS">
          <reporter-output>
          </reporter-output>
        </test-method> <!-- loginActiTime -->
        <test-method signature="toVerifyUserTab()[pri:0, instance:Test1.TesNGClass@a38c7fe]" started-at="2022-02-03T13:15:48 IST" name="toVerifyUserTab" finished-at="2022-02-03T13:15:52 IST" duration-ms="3542" status="PASS">
          <reporter-output>
          </reporter-output>
        </test-method> <!-- toVerifyUserTab -->
        <test-method is-config="true" signature="logoutfromActitime()[pri:0, instance:Test1.TesNGClass@a38c7fe]" started-at="2022-02-03T13:15:52 IST" name="logoutfromActitime" finished-at="2022-02-03T13:15:55 IST" duration-ms="3266" status="PASS">
          <reporter-output>
          </reporter-output>
        </test-method> <!-- logoutfromActitime -->
        <test-method is-config="true" signature="loginActiTime()[pri:0, instance:Test1.TesNGClass@a38c7fe]" started-at="2022-02-03T13:15:55 IST" name="loginActiTime" finished-at="2022-02-03T13:15:56 IST" duration-ms="1039" status="PASS">
          <reporter-output>
          </reporter-output>
        </test-method> <!-- loginActiTime -->
        <test-method signature="testB()[pri:1, instance:Test1.TesNGClass@a38c7fe]" started-at="2022-02-03T13:15:56 IST" name="testB" finished-at="2022-02-03T13:15:56 IST" duration-ms="1" status="PASS">
          <reporter-output>
          </reporter-output>
        </test-method> <!-- testB -->
        <test-method is-config="true" signature="logoutfromActitime()[pri:0, instance:Test1.TesNGClass@a38c7fe]" started-at="2022-02-03T13:15:56 IST" name="logoutfromActitime" finished-at="2022-02-03T13:16:00 IST" duration-ms="3543" status="PASS">
          <reporter-output>
          </reporter-output>
        </test-method> <!-- logoutfromActitime -->
        <test-method is-config="true" signature="loginActiTime()[pri:0, instance:Test1.TesNGClass@a38c7fe]" started-at="2022-02-03T13:16:00 IST" name="loginActiTime" finished-at="2022-02-03T13:16:00 IST" duration-ms="830" status="PASS">
          <reporter-output>
          </reporter-output>
        </test-method> <!-- loginActiTime -->
        <test-method signature="testB()[pri:1, instance:Test1.TesNGClass@a38c7fe]" started-at="2022-02-03T13:16:00 IST" name="testB" finished-at="2022-02-03T13:16:00 IST" duration-ms="1" status="PASS">
          <reporter-output>
          </reporter-output>
        </test-method> <!-- testB -->
        <test-method is-config="true" signature="logoutfromActitime()[pri:0, instance:Test1.TesNGClass@a38c7fe]" started-at="2022-02-03T13:16:00 IST" name="logoutfromActitime" finished-at="2022-02-03T13:16:04 IST" duration-ms="3117" status="PASS">
          <reporter-output>
          </reporter-output>
        </test-method> <!-- logoutfromActitime -->
        <test-method is-config="true" signature="loginActiTime()[pri:0, instance:Test1.TesNGClass@a38c7fe]" started-at="2022-02-03T13:16:04 IST" name="loginActiTime" finished-at="2022-02-03T13:16:05 IST" duration-ms="964" status="PASS">
          <reporter-output>
          </reporter-output>
        </test-method> <!-- loginActiTime -->
        <test-method signature="testB()[pri:1, instance:Test1.TesNGClass@a38c7fe]" started-at="2022-02-03T13:16:05 IST" name="testB" finished-at="2022-02-03T13:16:05 IST" duration-ms="1" status="PASS">
          <reporter-output>
          </reporter-output>
        </test-method> <!-- testB -->
        <test-method is-config="true" signature="logoutfromActitime()[pri:0, instance:Test1.TesNGClass@a38c7fe]" started-at="2022-02-03T13:16:05 IST" name="logoutfromActitime" finished-at="2022-02-03T13:16:08 IST" duration-ms="3120" status="PASS">
          <reporter-output>
          </reporter-output>
        </test-method> <!-- logoutfromActitime -->
        <test-method is-config="true" signature="loginActiTime()[pri:0, instance:Test1.TesNGClass@a38c7fe]" started-at="2022-02-03T13:16:08 IST" name="loginActiTime" finished-at="2022-02-03T13:16:09 IST" duration-ms="970" status="PASS">
          <reporter-output>
          </reporter-output>
        </test-method> <!-- loginActiTime -->
        <test-method signature="testA()[pri:2, instance:Test1.TesNGClass@a38c7fe]" started-at="2022-02-03T13:16:09 IST" name="testA" finished-at="2022-02-03T13:16:09 IST" duration-ms="1" status="PASS">
          <reporter-output>
          </reporter-output>
        </test-method> <!-- testA -->
        <test-method is-config="true" signature="logoutfromActitime()[pri:0, instance:Test1.TesNGClass@a38c7fe]" started-at="2022-02-03T13:16:09 IST" name="logoutfromActitime" finished-at="2022-02-03T13:16:14 IST" duration-ms="5362" status="PASS">
          <reporter-output>
          </reporter-output>
        </test-method> <!-- logoutfromActitime -->
        <test-method is-config="true" signature="loginActiTime()[pri:0, instance:Test1.TesNGClass@a38c7fe]" started-at="2022-02-03T13:16:14 IST" name="loginActiTime" finished-at="2022-02-03T13:16:18 IST" duration-ms="3845" status="PASS">
          <reporter-output>
          </reporter-output>
        </test-method> <!-- loginActiTime -->
        <test-method signature="testC()[pri:3, instance:Test1.TesNGClass@a38c7fe]" started-at="2022-02-03T13:16:18 IST" name="testC" finished-at="2022-02-03T13:16:18 IST" depends-on-methods="Test1.TesNGClass.toVerifyUserTab" duration-ms="1" status="PASS">
          <reporter-output>
          </reporter-output>
        </test-method> <!-- testC -->
        <test-method is-config="true" signature="logoutfromActitime()[pri:0, instance:Test1.TesNGClass@a38c7fe]" started-at="2022-02-03T13:16:18 IST" name="logoutfromActitime" finished-at="2022-02-03T13:16:21 IST" duration-ms="3111" status="PASS">
          <reporter-output>
          </reporter-output>
        </test-method> <!-- logoutfromActitime -->
        <test-method is-config="true" signature="loginActiTime()[pri:0, instance:Test1.TesNGClass@a38c7fe]" started-at="2022-02-03T13:16:21 IST" name="loginActiTime" finished-at="2022-02-03T13:16:22 IST" duration-ms="1423" status="PASS">
          <reporter-output>
          </reporter-output>
        </test-method> <!-- loginActiTime -->
        <test-method signature="testD()[pri:4, instance:Test1.TesNGClass@a38c7fe]" started-at="2022-02-03T13:16:22 IST" name="testD" finished-at="2022-02-03T13:16:22 IST" duration-ms="1" status="PASS">
          <reporter-output>
          </reporter-output>
        </test-method> <!-- testD -->
        <test-method is-config="true" signature="logoutfromActitime()[pri:0, instance:Test1.TesNGClass@a38c7fe]" started-at="2022-02-03T13:16:22 IST" name="logoutfromActitime" finished-at="2022-02-03T13:16:26 IST" duration-ms="3139" status="PASS">
          <reporter-output>
          </reporter-output>
        </test-method> <!-- logoutfromActitime -->
        <test-method is-config="true" signature="closetheobjexts()[pri:0, instance:Test1.TesNGClass@a38c7fe]" started-at="2022-02-03T13:16:26 IST" name="closetheobjexts" finished-at="2022-02-03T13:16:26 IST" duration-ms="19" status="PASS">
          <reporter-output>
          </reporter-output>
        </test-method> <!-- closetheobjexts -->
        <test-method is-config="true" signature="closeBrowser()[pri:0, instance:Test1.TesNGClass@a38c7fe]" started-at="2022-02-03T13:16:26 IST" name="closeBrowser" finished-at="2022-02-03T13:16:30 IST" duration-ms="4645" status="PASS">
          <reporter-output>
          </reporter-output>
        </test-method> <!-- closeBrowser -->
      </class> <!-- Test1.TesNGClass -->
    </test> <!-- FirefoxTest -->
  </suite> <!-- Suite -->
</testng-results>
