<?xml version="1.0" encoding="UTF-8"?>
<!-- Generated by org.testng.reporters.JUnitXMLReporter -->
<testsuite ignored="0" hostname="LAPTOP-MI7VST9D" failures="0" tests="7" name="ChromeTest" time="43.701" errors="0" timestamp="2022-02-03T13:15:49 IST">
  <testcase classname="Test1.TesNGClass" name="toVerifyUserTab" time="7.072"/>
  <testcase classname="Test1.TesNGClass" name="testB" time="0.003"/>
  <testcase classname="Test1.TesNGClass" name="testB" time="0.001"/>
  <testcase classname="Test1.TesNGClass" name="testB" time="0.001"/>
  <testcase classname="Test1.TesNGClass" name="testA" time="0.001"/>
  <testcase classname="Test1.TesNGClass" name="testC" time="0.001"/>
  <testcase classname="Test1.TesNGClass" name="testD" time="0.001"/>
</testsuite> <!-- ChromeTest -->
