<?xml version="1.0" encoding="UTF-8"?>
<!-- Generated by org.testng.reporters.JUnitXMLReporter -->
<testsuite ignored="0" hostname="LAPTOP-MI7VST9D" failures="0" tests="7" name="FirefoxTest" time="84.781" errors="0" timestamp="2022-02-03T13:16:30 IST">
  <testcase classname="Test1.TesNGClass" name="toVerifyUserTab" time="3.542"/>
  <testcase classname="Test1.TesNGClass" name="testB" time="0.001"/>
  <testcase classname="Test1.TesNGClass" name="testB" time="0.001"/>
  <testcase classname="Test1.TesNGClass" name="testB" time="0.001"/>
  <testcase classname="Test1.TesNGClass" name="testA" time="0.001"/>
  <testcase classname="Test1.TesNGClass" name="testC" time="0.001"/>
  <testcase classname="Test1.TesNGClass" name="testD" time="0.001"/>
</testsuite> <!-- FirefoxTest -->
