<?xml version="1.0" encoding="UTF-8"?>
<!-- Generated by org.testng.reporters.JUnitXMLReporter -->
<testsuite ignored="0" hostname="LAPTOP-MI7VST9D" failures="0" tests="11" name="Test" time="0.126" errors="0" timestamp="2022-02-03T12:42:52 IST">
  <testcase classname="Test1.TesNGClass" name="@BeforeTest launchBrowser" time="-1.643872372644E9">
    <failure type="org.testng.TestNGException" message="
Parameter &amp;apos;browser&amp;apos; is required by BeforeTest on method launchBrowser but has not been marked @Optional or defined
in C:\Users\Hatim\eclipse-workspace\ActiTime-Application\testng.xml">
      <![CDATA[org.testng.TestNGException: 
Parameter 'browser' is required by BeforeTest on method launchBrowser but has not been marked @Optional or defined
in C:\Users\Hatim\eclipse-workspace\ActiTime-Application\testng.xml
... Removed 21 stack frames]]>
    </failure>
  </testcase> <!-- @BeforeTest launchBrowser -->
  <testcase classname="Test1.TesNGClass" name="@BeforeClass initializePomClasses" time="0.0">
    <skipped/>
  </testcase> <!-- @BeforeClass initializePomClasses -->
  <testcase classname="Test1.TesNGClass" name="@BeforeMethod loginActiTime" time="0.0">
    <skipped/>
  </testcase> <!-- @BeforeMethod loginActiTime -->
  <testcase classname="Test1.TesNGClass" name="@AfterMethod logoutfromActitime" time="0.0">
    <skipped/>
  </testcase> <!-- @AfterMethod logoutfromActitime -->
  <testcase classname="Test1.TesNGClass" name="@BeforeMethod loginActiTime" time="0.0">
    <skipped/>
  </testcase> <!-- @BeforeMethod loginActiTime -->
  <testcase classname="Test1.TesNGClass" name="@AfterMethod logoutfromActitime" time="0.0">
    <skipped/>
  </testcase> <!-- @AfterMethod logoutfromActitime -->
  <testcase classname="Test1.TesNGClass" name="@BeforeMethod loginActiTime" time="0.0">
    <skipped/>
  </testcase> <!-- @BeforeMethod loginActiTime -->
  <testcase classname="Test1.TesNGClass" name="@AfterMethod logoutfromActitime" time="0.0">
    <skipped/>
  </testcase> <!-- @AfterMethod logoutfromActitime -->
  <testcase classname="Test1.TesNGClass" name="@BeforeMethod loginActiTime" time="0.0">
    <skipped/>
  </testcase> <!-- @BeforeMethod loginActiTime -->
  <testcase classname="Test1.TesNGClass" name="@AfterMethod logoutfromActitime" time="0.0">
    <skipped/>
  </testcase> <!-- @AfterMethod logoutfromActitime -->
  <testcase classname="Test1.TesNGClass" name="@BeforeMethod loginActiTime" time="0.0">
    <skipped/>
  </testcase> <!-- @BeforeMethod loginActiTime -->
  <testcase classname="Test1.TesNGClass" name="@AfterMethod logoutfromActitime" time="0.0">
    <skipped/>
  </testcase> <!-- @AfterMethod logoutfromActitime -->
  <testcase classname="Test1.TesNGClass" name="@BeforeMethod loginActiTime" time="0.0">
    <skipped/>
  </testcase> <!-- @BeforeMethod loginActiTime -->
  <testcase classname="Test1.TesNGClass" name="@AfterMethod logoutfromActitime" time="0.0">
    <skipped/>
  </testcase> <!-- @AfterMethod logoutfromActitime -->
  <testcase classname="Test1.TesNGClass" name="@AfterClass closetheobjexts" time="0.0">
    <skipped/>
  </testcase> <!-- @AfterClass closetheobjexts -->
  <testcase classname="Test1.TestNG2" name="@BeforeClass actitimelogin" time="0.0">
    <skipped/>
  </testcase> <!-- @BeforeClass actitimelogin -->
  <testcase classname="Test1.TestNG2" name="@BeforeMethod launchActitime" time="0.0">
    <skipped/>
  </testcase> <!-- @BeforeMethod launchActitime -->
  <testcase classname="Test1.TestNG2" name="@AfterMethod logoutfromActitime" time="0.0">
    <skipped/>
  </testcase> <!-- @AfterMethod logoutfromActitime -->
  <testcase classname="Test1.TestNG2" name="@BeforeMethod launchActitime" time="0.0">
    <skipped/>
  </testcase> <!-- @BeforeMethod launchActitime -->
  <testcase classname="Test1.TestNG2" name="@AfterMethod logoutfromActitime" time="0.0">
    <skipped/>
  </testcase> <!-- @AfterMethod logoutfromActitime -->
  <testcase classname="Test1.TestNG2" name="@BeforeMethod launchActitime" time="0.0">
    <skipped/>
  </testcase> <!-- @BeforeMethod launchActitime -->
  <testcase classname="Test1.TestNG2" name="@AfterMethod logoutfromActitime" time="0.0">
    <skipped/>
  </testcase> <!-- @AfterMethod logoutfromActitime -->
  <testcase classname="Test1.TestNG2" name="@BeforeMethod launchActitime" time="0.0">
    <skipped/>
  </testcase> <!-- @BeforeMethod launchActitime -->
  <testcase classname="Test1.TestNG2" name="@AfterMethod logoutfromActitime" time="0.0">
    <skipped/>
  </testcase> <!-- @AfterMethod logoutfromActitime -->
  <testcase classname="Test1.TestNG2" name="@AfterClass closeBrowser" time="0.0">
    <skipped/>
  </testcase> <!-- @AfterClass closeBrowser -->
  <testcase classname="Test1.TesNGClass" name="@AfterTest closeBrowser" time="0.0">
    <skipped/>
  </testcase> <!-- @AfterTest closeBrowser -->
  <testcase classname="Test1.TesNGClass" name="toVerifyUserTab" time="0.0">
    <skipped/>
  </testcase> <!-- toVerifyUserTab -->
  <testcase classname="Test1.TesNGClass" name="testB" time="0.0">
    <skipped/>
  </testcase> <!-- testB -->
  <testcase classname="Test1.TesNGClass" name="testB" time="0.0">
    <skipped/>
  </testcase> <!-- testB -->
  <testcase classname="Test1.TesNGClass" name="testB" time="0.0">
    <skipped/>
  </testcase> <!-- testB -->
  <testcase classname="Test1.TesNGClass" name="testA" time="0.0">
    <skipped/>
  </testcase> <!-- testA -->
  <testcase classname="Test1.TesNGClass" name="testC" time="0.0">
    <skipped/>
  </testcase> <!-- testC -->
  <testcase classname="Test1.TesNGClass" name="testD" time="0.0">
    <skipped/>
  </testcase> <!-- testD -->
  <testcase classname="Test1.TestNG2" name="getUrl" time="0.0">
    <skipped/>
  </testcase> <!-- getUrl -->
  <testcase classname="Test1.TestNG2" name="testA" time="0.0">
    <skipped/>
  </testcase> <!-- testA -->
  <testcase classname="Test1.TestNG2" name="testB" time="0.0">
    <skipped/>
  </testcase> <!-- testB -->
  <testcase classname="Test1.TestNG2" name="testC" time="0.0">
    <skipped/>
  </testcase> <!-- testC -->
</testsuite> <!-- Test -->
